# JRE version: OpenJDK Runtime Environment (17.0.9) (build 17.0.9+0--11185874)
# Java VM: OpenJDK 64-Bit Server VM (17.0.9+0--11185874, mixed mode, tiered, compressed oops, compressed class ptrs, g1 gc, windows-amd64)
GC Precious Log:
 CPUs: 8 total, 8 available
 Memory: 7599M
 Large Page Support: Disabled
 NUMA Support: Disabled
 Compressed Oops: Enabled (32-bit)
 Heap Region Size: 1M
 Heap Min Capacity: 8M
 Heap Initial Capacity: 120M
 Heap Max Capacity: 2G
 Pre-touch: Disabled
 Parallel Workers: 8
 Concurrent Workers: 2
 Concurrent Refinement Workers: 8
 Periodic GC: Disabled
Heap:
 garbage-first heap   total 471040K, used 151269K [0x0000000080000000, 0x0000000100000000)
  region size 1024K, 10 young (10240K), 10 survivors (10240K)
 Metaspace       used 147480K, committed 149376K, reserved 1179648K
  class space    used 19418K, committed 20352K, reserved 1048576K
GC Heap History (20 events):
Event: 24237.338 GC heap after
{Heap after GC invocations=189 (full 2):
 garbage-first heap   total 471040K, used 141269K [0x0000000080000000, 0x0000000100000000)
  region size 1024K, 3 young (3072K), 3 survivors (3072K)
 Metaspace       used 146811K, committed 148736K, reserved 1179648K
  class space    used 19382K, committed 20288K, reserved 1048576K
}
Event: 24249.688 GC heap before
{Heap before GC invocations=189 (full 2):
 garbage-first heap   total 471040K, used 212949K [0x0000000080000000, 0x0000000100000000)
  region size 1024K, 75 young (76800K), 3 survivors (3072K)
 Metaspace       used 146836K, committed 148736K, reserved 1179648K
  class space    used 19383K, committed 20288K, reserved 1048576K
}
Event: 24249.746 GC heap after
{Heap after GC invocations=190 (full 2):
 garbage-first heap   total 471040K, used 144173K [0x0000000080000000, 0x0000000100000000)
  region size 1024K, 6 young (6144K), 6 survivors (6144K)
 Metaspace       used 146836K, committed 148736K, reserved 1179648K
  class space    used 19383K, committed 20288K, reserved 1048576K
}
Event: 26706.151 GC heap before
{Heap before GC invocations=191 (full 2):
 garbage-first heap   total 471040K, used 440109K [0x0000000080000000, 0x0000000100000000)
  region size 1024K, 235 young (240640K), 6 survivors (6144K)
 Metaspace       used 146937K, committed 148800K, reserved 1179648K
  class space    used 19382K, committed 20288K, reserved 1048576K
}
Event: 26706.277 GC heap after
{Heap after GC invocations=192 (full 2):
 garbage-first heap   total 471040K, used 156527K [0x0000000080000000, 0x0000000100000000)
  region size 1024K, 20 young (20480K), 20 survivors (20480K)
 Metaspace       used 146937K, committed 148800K, reserved 1179648K
  class space    used 19382K, committed 20288K, reserved 1048576K
}
Event: 26706.307 GC heap before
{Heap before GC invocations=192 (full 2):
 garbage-first heap   total 471040K, used 159599K [0x0000000080000000, 0x0000000100000000)
  region size 1024K, 23 young (23552K), 20 survivors (20480K)
 Metaspace       used 146939K, committed 148800K, reserved 1179648K
  class space    used 19382K, committed 20288K, reserved 1048576K
}
Event: 26706.394 GC heap after
{Heap after GC invocations=193 (full 2):
 garbage-first heap   total 471040K, used 152374K [0x0000000080000000, 0x0000000100000000)
  region size 1024K, 3 young (3072K), 3 survivors (3072K)
 Metaspace       used 146939K, committed 148800K, reserved 1179648K
  class space    used 19382K, committed 20288K, reserved 1048576K
}
Event: 26707.090 GC heap before
{Heap before GC invocations=193 (full 2):
 garbage-first heap   total 471040K, used 373558K [0x0000000080000000, 0x0000000100000000)
  region size 1024K, 220 young (225280K), 3 survivors (3072K)
 Metaspace       used 146982K, committed 148864K, reserved 1179648K
  class space    used 19382K, committed 20288K, reserved 1048576K
}
Event: 26707.160 GC heap after
{Heap after GC invocations=194 (full 2):
 garbage-first heap   total 471040K, used 153899K [0x0000000080000000, 0x0000000100000000)
  region size 1024K, 4 young (4096K), 4 survivors (4096K)
 Metaspace       used 146982K, committed 148864K, reserved 1179648K
  class space    used 19382K, committed 20288K, reserved 1048576K
}
Event: 29403.856 GC heap before
{Heap before GC invocations=195 (full 2):
 garbage-first heap   total 471040K, used 437547K [0x0000000080000000, 0x0000000100000000)
  region size 1024K, 227 young (232448K), 4 survivors (4096K)
 Metaspace       used 147012K, committed 148864K, reserved 1179648K
  class space    used 19367K, committed 20288K, reserved 1048576K
}
Event: 29404.272 GC heap after
{Heap after GC invocations=196 (full 2):
 garbage-first heap   total 471040K, used 157864K [0x0000000080000000, 0x0000000100000000)
  region size 1024K, 17 young (17408K), 17 survivors (17408K)
 Metaspace       used 147012K, committed 148864K, reserved 1179648K
  class space    used 19367K, committed 20288K, reserved 1048576K
}
Event: 29404.593 GC heap before
{Heap before GC invocations=196 (full 2):
 garbage-first heap   total 471040K, used 164008K [0x0000000080000000, 0x0000000100000000)
  region size 1024K, 23 young (23552K), 17 survivors (17408K)
 Metaspace       used 147099K, committed 148928K, reserved 1179648K
  class space    used 19379K, committed 20288K, reserved 1048576K
}
Event: 29404.767 GC heap after
{Heap after GC invocations=197 (full 2):
 garbage-first heap   total 471040K, used 151336K [0x0000000080000000, 0x0000000100000000)
  region size 1024K, 3 young (3072K), 3 survivors (3072K)
 Metaspace       used 147099K, committed 148928K, reserved 1179648K
  class space    used 19379K, committed 20288K, reserved 1048576K
}
Event: 29551.646 GC heap before
{Heap before GC invocations=197 (full 2):
 garbage-first heap   total 471040K, used 308008K [0x0000000080000000, 0x0000000100000000)
  region size 1024K, 157 young (160768K), 3 survivors (3072K)
 Metaspace       used 147460K, committed 149312K, reserved 1179648K
  class space    used 19423K, committed 20352K, reserved 1048576K
}
Event: 29551.861 GC heap after
{Heap after GC invocations=198 (full 2):
 garbage-first heap   total 471040K, used 151474K [0x0000000080000000, 0x0000000100000000)
  region size 1024K, 3 young (3072K), 3 survivors (3072K)
 Metaspace       used 147460K, committed 149312K, reserved 1179648K
  class space    used 19423K, committed 20352K, reserved 1048576K
}
Event: 29556.783 GC heap before
{Heap before GC invocations=199 (full 2):
 garbage-first heap   total 471040K, used 214962K [0x0000000080000000, 0x0000000100000000)
  region size 1024K, 72 young (73728K), 3 survivors (3072K)
 Metaspace       used 147377K, committed 149376K, reserved 1179648K
  class space    used 19406K, committed 20352K, reserved 1048576K
}
Event: 29556.846 GC heap after
{Heap after GC invocations=200 (full 2):
 garbage-first heap   total 471040K, used 154536K [0x0000000080000000, 0x0000000100000000)
  region size 1024K, 9 young (9216K), 9 survivors (9216K)
 Metaspace       used 147377K, committed 149376K, reserved 1179648K
  class space    used 19406K, committed 20352K, reserved 1048576K
}
Event: 29556.994 GC heap before
{Heap before GC invocations=200 (full 2):
 garbage-first heap   total 471040K, used 168872K [0x0000000080000000, 0x0000000100000000)
  region size 1024K, 23 young (23552K), 9 survivors (9216K)
 Metaspace       used 147388K, committed 149376K, reserved 1179648K
  class space    used 19407K, committed 20352K, reserved 1048576K
}
Event: 29557.034 GC heap after
{Heap after GC invocations=201 (full 2):
 garbage-first heap   total 471040K, used 143768K [0x0000000080000000, 0x0000000100000000)
  region size 1024K, 3 young (3072K), 3 survivors (3072K)
 Metaspace       used 147388K, committed 149376K, reserved 1179648K
  class space    used 19407K, committed 20352K, reserved 1048576K
}
Event: 29585.833 GC heap before
{Heap before GC invocations=201 (full 2):
 garbage-first heap   total 471040K, used 290200K [0x0000000080000000, 0x0000000100000000)
  region size 1024K, 147 young (150528K), 3 survivors (3072K)
 Metaspace       used 147480K, committed 149376K, reserved 1179648K
  class space    used 19418K, committed 20352K, reserved 1048576K
}

