# JRE version: OpenJDK Runtime Environment (17.0.9) (build 17.0.9+0--11185874)
# Java VM: OpenJDK 64-Bit Server VM (17.0.9+0--11185874, mixed mode, tiered, compressed oops, compressed class ptrs, g1 gc, windows-amd64)
GC Precious Log:
 CPUs: 8 total, 8 available
 Memory: 7599M
 Large Page Support: Disabled
 NUMA Support: Disabled
 Compressed Oops: Enabled (32-bit)
 Heap Region Size: 1M
 Heap Min Capacity: 8M
 Heap Initial Capacity: 120M
 Heap Max Capacity: 1900M
 Pre-touch: Disabled
 Parallel Workers: 8
 Concurrent Workers: 2
 Concurrent Refinement Workers: 8
 Periodic GC: Disabled
Heap:
 garbage-first heap   total 122880K, used 58842K [0x0000000089400000, 0x0000000100000000)
  region size 1024K, 3 young (3072K), 3 survivors (3072K)
 Metaspace       used 61785K, committed 62080K, reserved 1114112K
  class space    used 7132K, committed 7296K, reserved 1048576K
GC Heap History (20 events):
Event: 3.312 GC heap after
{Heap after GC invocations=12 (full 0):
 garbage-first heap   total 72704K, used 30948K [0x0000000089400000, 0x0000000100000000)
  region size 1024K, 3 young (3072K), 3 survivors (3072K)
 Metaspace       used 48032K, committed 48256K, reserved 1114112K
  class space    used 5847K, committed 5952K, reserved 1048576K
}
Event: 3.512 GC heap before
{Heap before GC invocations=12 (full 0):
 garbage-first heap   total 72704K, used 53476K [0x0000000089400000, 0x0000000100000000)
  region size 1024K, 25 young (25600K), 3 survivors (3072K)
 Metaspace       used 50122K, committed 50304K, reserved 1114112K
  class space    used 6079K, committed 6144K, reserved 1048576K
}
Event: 3.520 GC heap after
{Heap after GC invocations=13 (full 0):
 garbage-first heap   total 72704K, used 32950K [0x0000000089400000, 0x0000000100000000)
  region size 1024K, 2 young (2048K), 2 survivors (2048K)
 Metaspace       used 50122K, committed 50304K, reserved 1114112K
  class space    used 6079K, committed 6144K, reserved 1048576K
}
Event: 3.648 GC heap before
{Heap before GC invocations=13 (full 0):
 garbage-first heap   total 72704K, used 54454K [0x0000000089400000, 0x0000000100000000)
  region size 1024K, 23 young (23552K), 2 survivors (2048K)
 Metaspace       used 50942K, committed 51136K, reserved 1114112K
  class space    used 6178K, committed 6272K, reserved 1048576K
}
Event: 3.653 GC heap after
{Heap after GC invocations=14 (full 0):
 garbage-first heap   total 72704K, used 34068K [0x0000000089400000, 0x0000000100000000)
  region size 1024K, 3 young (3072K), 3 survivors (3072K)
 Metaspace       used 50942K, committed 51136K, reserved 1114112K
  class space    used 6178K, committed 6272K, reserved 1048576K
}
Event: 3.943 GC heap before
{Heap before GC invocations=14 (full 0):
 garbage-first heap   total 72704K, used 54548K [0x0000000089400000, 0x0000000100000000)
  region size 1024K, 24 young (24576K), 3 survivors (3072K)
 Metaspace       used 52618K, committed 52864K, reserved 1114112K
  class space    used 6324K, committed 6400K, reserved 1048576K
}
Event: 3.952 GC heap after
{Heap after GC invocations=15 (full 0):
 garbage-first heap   total 72704K, used 37000K [0x0000000089400000, 0x0000000100000000)
  region size 1024K, 3 young (3072K), 3 survivors (3072K)
 Metaspace       used 52618K, committed 52864K, reserved 1114112K
  class space    used 6324K, committed 6400K, reserved 1048576K
}
Event: 4.438 GC heap before
{Heap before GC invocations=15 (full 0):
 garbage-first heap   total 72704K, used 56456K [0x0000000089400000, 0x0000000100000000)
  region size 1024K, 22 young (22528K), 3 survivors (3072K)
 Metaspace       used 53880K, committed 54080K, reserved 1114112K
  class space    used 6396K, committed 6464K, reserved 1048576K
}
Event: 4.451 GC heap after
{Heap after GC invocations=16 (full 0):
 garbage-first heap   total 96256K, used 41156K [0x0000000089400000, 0x0000000100000000)
  region size 1024K, 3 young (3072K), 3 survivors (3072K)
 Metaspace       used 53880K, committed 54080K, reserved 1114112K
  class space    used 6396K, committed 6464K, reserved 1048576K
}
Event: 5.053 GC heap before
{Heap before GC invocations=17 (full 0):
 garbage-first heap   total 96256K, used 71876K [0x0000000089400000, 0x0000000100000000)
  region size 1024K, 33 young (33792K), 3 survivors (3072K)
 Metaspace       used 55419K, committed 55616K, reserved 1114112K
  class space    used 6548K, committed 6656K, reserved 1048576K
}
Event: 5.066 GC heap after
{Heap after GC invocations=18 (full 0):
 garbage-first heap   total 96256K, used 46300K [0x0000000089400000, 0x0000000100000000)
  region size 1024K, 5 young (5120K), 5 survivors (5120K)
 Metaspace       used 55419K, committed 55616K, reserved 1114112K
  class space    used 6548K, committed 6656K, reserved 1048576K
}
Event: 5.505 GC heap before
{Heap before GC invocations=18 (full 0):
 garbage-first heap   total 96256K, used 72924K [0x0000000089400000, 0x0000000100000000)
  region size 1024K, 31 young (31744K), 5 survivors (5120K)
 Metaspace       used 57066K, committed 57344K, reserved 1114112K
  class space    used 6697K, committed 6784K, reserved 1048576K
}
Event: 5.519 GC heap after
{Heap after GC invocations=19 (full 0):
 garbage-first heap   total 96256K, used 50488K [0x0000000089400000, 0x0000000100000000)
  region size 1024K, 4 young (4096K), 4 survivors (4096K)
 Metaspace       used 57066K, committed 57344K, reserved 1114112K
  class space    used 6697K, committed 6784K, reserved 1048576K
}
Event: 5.939 GC heap before
{Heap before GC invocations=19 (full 0):
 garbage-first heap   total 96256K, used 74040K [0x0000000089400000, 0x0000000100000000)
  region size 1024K, 27 young (27648K), 4 survivors (4096K)
 Metaspace       used 59422K, committed 59648K, reserved 1114112K
  class space    used 7002K, committed 7104K, reserved 1048576K
}
Event: 5.952 GC heap after
{Heap after GC invocations=20 (full 0):
 garbage-first heap   total 96256K, used 54499K [0x0000000089400000, 0x0000000100000000)
  region size 1024K, 4 young (4096K), 4 survivors (4096K)
 Metaspace       used 59422K, committed 59648K, reserved 1114112K
  class space    used 7002K, committed 7104K, reserved 1048576K
}
Event: 6.695 GC heap before
{Heap before GC invocations=21 (full 0):
 garbage-first heap   total 99328K, used 76003K [0x0000000089400000, 0x0000000100000000)
  region size 1024K, 25 young (25600K), 4 survivors (4096K)
 Metaspace       used 61067K, committed 61376K, reserved 1114112K
  class space    used 7099K, committed 7232K, reserved 1048576K
}
Event: 6.704 GC heap after
{Heap after GC invocations=22 (full 0):
 garbage-first heap   total 99328K, used 56597K [0x0000000089400000, 0x0000000100000000)
  region size 1024K, 3 young (3072K), 3 survivors (3072K)
 Metaspace       used 61067K, committed 61376K, reserved 1114112K
  class space    used 7099K, committed 7232K, reserved 1048576K
}
Event: 6.718 GC heap before
{Heap before GC invocations=22 (full 0):
 garbage-first heap   total 99328K, used 56597K [0x0000000089400000, 0x0000000100000000)
  region size 1024K, 4 young (4096K), 3 survivors (3072K)
 Metaspace       used 61086K, committed 61376K, reserved 1114112K
  class space    used 7099K, committed 7232K, reserved 1048576K
}
Event: 6.724 GC heap after
{Heap after GC invocations=23 (full 0):
 garbage-first heap   total 99328K, used 56322K [0x0000000089400000, 0x0000000100000000)
  region size 1024K, 1 young (1024K), 1 survivors (1024K)
 Metaspace       used 61086K, committed 61376K, reserved 1114112K
  class space    used 7099K, committed 7232K, reserved 1048576K
}
Event: 7.207 GC heap before
{Heap before GC invocations=23 (full 0):
 garbage-first heap   total 99328K, used 77826K [0x0000000089400000, 0x0000000100000000)
  region size 1024K, 23 young (23552K), 1 survivors (1024K)
 Metaspace       used 61785K, committed 62080K, reserved 1114112K
  class space    used 7132K, committed 7296K, reserved 1048576K
}

