# JRE version: OpenJDK Runtime Environment (17.0.9) (build 17.0.9+0--11185874)
# Java VM: OpenJDK 64-Bit Server VM (17.0.9+0--11185874, mixed mode, tiered, compressed oops, compressed class ptrs, g1 gc, windows-amd64)
GC Precious Log:
 CPUs: 8 total, 8 available
 Memory: 7599M
 Large Page Support: Disabled
 NUMA Support: Disabled
 Compressed Oops: Enabled (32-bit)
 Heap Region Size: 1M
 Heap Min Capacity: 8M
 Heap Initial Capacity: 120M
 Heap Max Capacity: 1900M
 Pre-touch: Disabled
 Parallel Workers: 8
 Concurrent Workers: 2
 Concurrent Refinement Workers: 8
 Periodic GC: Disabled
Heap:
 garbage-first heap   total 122880K, used 60167K [0x0000000089400000, 0x0000000100000000)
  region size 1024K, 4 young (4096K), 4 survivors (4096K)
 Metaspace       used 62100K, committed 62400K, reserved 1114112K
  class space    used 7144K, committed 7296K, reserved 1048576K
GC Heap History (20 events):
Event: 2.905 GC heap after
{Heap after GC invocations=11 (full 0):
 garbage-first heap   total 59392K, used 23266K [0x0000000089400000, 0x0000000100000000)
  region size 1024K, 2 young (2048K), 2 survivors (2048K)
 Metaspace       used 44604K, committed 44864K, reserved 1114112K
  class space    used 5437K, committed 5568K, reserved 1048576K
}
Event: 3.253 GC heap before
{Heap before GC invocations=11 (full 0):
 garbage-first heap   total 59392K, used 44770K [0x0000000089400000, 0x0000000100000000)
  region size 1024K, 22 young (22528K), 2 survivors (2048K)
 Metaspace       used 47746K, committed 47936K, reserved 1114112K
  class space    used 5806K, committed 5888K, reserved 1048576K
}
Event: 3.264 GC heap after
{Heap after GC invocations=12 (full 0):
 garbage-first heap   total 72704K, used 28672K [0x0000000089400000, 0x0000000100000000)
  region size 1024K, 3 young (3072K), 3 survivors (3072K)
 Metaspace       used 47746K, committed 47936K, reserved 1114112K
  class space    used 5806K, committed 5888K, reserved 1048576K
}
Event: 3.486 GC heap before
{Heap before GC invocations=12 (full 0):
 garbage-first heap   total 72704K, used 52224K [0x0000000089400000, 0x0000000100000000)
  region size 1024K, 26 young (26624K), 3 survivors (3072K)
 Metaspace       used 50131K, committed 50304K, reserved 1114112K
  class space    used 6074K, committed 6144K, reserved 1048576K
}
Event: 3.499 GC heap after
{Heap after GC invocations=13 (full 0):
 garbage-first heap   total 72704K, used 33711K [0x0000000089400000, 0x0000000100000000)
  region size 1024K, 4 young (4096K), 4 survivors (4096K)
 Metaspace       used 50131K, committed 50304K, reserved 1114112K
  class space    used 6074K, committed 6144K, reserved 1048576K
}
Event: 3.574 GC heap before
{Heap before GC invocations=13 (full 0):
 garbage-first heap   total 72704K, used 53167K [0x0000000089400000, 0x0000000100000000)
  region size 1024K, 23 young (23552K), 4 survivors (4096K)
 Metaspace       used 50202K, committed 50368K, reserved 1114112K
  class space    used 6074K, committed 6144K, reserved 1048576K
}
Event: 3.582 GC heap after
{Heap after GC invocations=14 (full 0):
 garbage-first heap   total 72704K, used 35514K [0x0000000089400000, 0x0000000100000000)
  region size 1024K, 2 young (2048K), 2 survivors (2048K)
 Metaspace       used 50202K, committed 50368K, reserved 1114112K
  class space    used 6074K, committed 6144K, reserved 1048576K
}
Event: 3.767 GC heap before
{Heap before GC invocations=14 (full 0):
 garbage-first heap   total 72704K, used 53946K [0x0000000089400000, 0x0000000100000000)
  region size 1024K, 20 young (20480K), 2 survivors (2048K)
 Metaspace       used 51928K, committed 52096K, reserved 1114112K
  class space    used 6265K, committed 6336K, reserved 1048576K
}
Event: 3.773 GC heap after
{Heap after GC invocations=15 (full 0):
 garbage-first heap   total 72704K, used 37888K [0x0000000089400000, 0x0000000100000000)
  region size 1024K, 3 young (3072K), 3 survivors (3072K)
 Metaspace       used 51928K, committed 52096K, reserved 1114112K
  class space    used 6265K, committed 6336K, reserved 1048576K
}
Event: 4.225 GC heap before
{Heap before GC invocations=16 (full 0):
 garbage-first heap   total 72704K, used 56320K [0x0000000089400000, 0x0000000100000000)
  region size 1024K, 21 young (21504K), 3 survivors (3072K)
 Metaspace       used 53145K, committed 53376K, reserved 1114112K
  class space    used 6354K, committed 6464K, reserved 1048576K
}
Event: 4.237 GC heap after
{Heap after GC invocations=17 (full 0):
 garbage-first heap   total 72704K, used 42187K [0x0000000089400000, 0x0000000100000000)
  region size 1024K, 3 young (3072K), 3 survivors (3072K)
 Metaspace       used 53145K, committed 53376K, reserved 1114112K
  class space    used 6354K, committed 6464K, reserved 1048576K
}
Event: 4.254 GC heap before
{Heap before GC invocations=17 (full 0):
 garbage-first heap   total 72704K, used 42187K [0x0000000089400000, 0x0000000100000000)
  region size 1024K, 4 young (4096K), 3 survivors (3072K)
 Metaspace       used 53286K, committed 53504K, reserved 1114112K
  class space    used 6361K, committed 6464K, reserved 1048576K
}
Event: 4.262 GC heap after
{Heap after GC invocations=18 (full 0):
 garbage-first heap   total 112640K, used 41455K [0x0000000089400000, 0x0000000100000000)
  region size 1024K, 1 young (1024K), 1 survivors (1024K)
 Metaspace       used 53286K, committed 53504K, reserved 1114112K
  class space    used 6361K, committed 6464K, reserved 1048576K
}
Event: 5.108 GC heap before
{Heap before GC invocations=18 (full 0):
 garbage-first heap   total 112640K, used 80367K [0x0000000089400000, 0x0000000100000000)
  region size 1024K, 39 young (39936K), 1 survivors (1024K)
 Metaspace       used 55724K, committed 56000K, reserved 1114112K
  class space    used 6562K, committed 6656K, reserved 1048576K
}
Event: 5.122 GC heap after
{Heap after GC invocations=19 (full 0):
 garbage-first heap   total 112640K, used 46755K [0x0000000089400000, 0x0000000100000000)
  region size 1024K, 5 young (5120K), 5 survivors (5120K)
 Metaspace       used 55724K, committed 56000K, reserved 1114112K
  class space    used 6562K, committed 6656K, reserved 1048576K
}
Event: 5.852 GC heap before
{Heap before GC invocations=19 (full 0):
 garbage-first heap   total 112640K, used 82595K [0x0000000089400000, 0x0000000100000000)
  region size 1024K, 40 young (40960K), 5 survivors (5120K)
 Metaspace       used 59234K, committed 59456K, reserved 1114112K
  class space    used 6966K, committed 7040K, reserved 1048576K
}
Event: 5.869 GC heap after
{Heap after GC invocations=20 (full 0):
 garbage-first heap   total 112640K, used 52145K [0x0000000089400000, 0x0000000100000000)
  region size 1024K, 5 young (5120K), 5 survivors (5120K)
 Metaspace       used 59234K, committed 59456K, reserved 1114112K
  class space    used 6966K, committed 7040K, reserved 1048576K
}
Event: 6.641 GC heap before
{Heap before GC invocations=20 (full 0):
 garbage-first heap   total 112640K, used 84913K [0x0000000089400000, 0x0000000100000000)
  region size 1024K, 37 young (37888K), 5 survivors (5120K)
 Metaspace       used 61083K, committed 61376K, reserved 1114112K
  class space    used 7098K, committed 7232K, reserved 1048576K
}
Event: 6.653 GC heap after
{Heap after GC invocations=21 (full 0):
 garbage-first heap   total 112640K, used 56243K [0x0000000089400000, 0x0000000100000000)
  region size 1024K, 4 young (4096K), 4 survivors (4096K)
 Metaspace       used 61083K, committed 61376K, reserved 1114112K
  class space    used 7098K, committed 7232K, reserved 1048576K
}
Event: 7.392 GC heap before
{Heap before GC invocations=21 (full 0):
 garbage-first heap   total 112640K, used 87987K [0x0000000089400000, 0x0000000100000000)
  region size 1024K, 35 young (35840K), 4 survivors (4096K)
 Metaspace       used 62100K, committed 62400K, reserved 1114112K
  class space    used 7144K, committed 7296K, reserved 1048576K
}

