# JRE version: OpenJDK Runtime Environment (17.0.9) (build 17.0.9+0--11185874)
# Java VM: OpenJDK 64-Bit Server VM (17.0.9+0--11185874, mixed mode, tiered, compressed oops, compressed class ptrs, g1 gc, windows-amd64)
GC Precious Log:
 CPUs: 8 total, 8 available
 Memory: 7599M
 Large Page Support: Disabled
 NUMA Support: Disabled
 Compressed Oops: Enabled (32-bit)
 Heap Region Size: 1M
 Heap Min Capacity: 8M
 Heap Initial Capacity: 120M
 Heap Max Capacity: 1900M
 Pre-touch: Disabled
 Parallel Workers: 8
 Concurrent Workers: 2
 Concurrent Refinement Workers: 8
 Periodic GC: Disabled
Heap:
 garbage-first heap   total 100352K, used 58639K [0x0000000089400000, 0x0000000100000000)
  region size 1024K, 3 young (3072K), 3 survivors (3072K)
 Metaspace       used 61820K, committed 62080K, reserved 1114112K
  class space    used 7125K, committed 7232K, reserved 1048576K
GC Heap History (20 events):
Event: 3.585 GC heap after
{Heap after GC invocations=13 (full 0):
 garbage-first heap   total 77824K, used 33743K [0x0000000089400000, 0x0000000100000000)
  region size 1024K, 3 young (3072K), 3 survivors (3072K)
 Metaspace       used 50034K, committed 50240K, reserved 1114112K
  class space    used 6074K, committed 6144K, reserved 1048576K
}
Event: 3.678 GC heap before
{Heap before GC invocations=13 (full 0):
 garbage-first heap   total 77824K, used 57295K [0x0000000089400000, 0x0000000100000000)
  region size 1024K, 27 young (27648K), 3 survivors (3072K)
 Metaspace       used 50157K, committed 50368K, reserved 1114112K
  class space    used 6074K, committed 6144K, reserved 1048576K
}
Event: 3.685 GC heap after
{Heap after GC invocations=14 (full 0):
 garbage-first heap   total 77824K, used 34398K [0x0000000089400000, 0x0000000100000000)
  region size 1024K, 2 young (2048K), 2 survivors (2048K)
 Metaspace       used 50157K, committed 50368K, reserved 1114112K
  class space    used 6074K, committed 6144K, reserved 1048576K
}
Event: 3.986 GC heap before
{Heap before GC invocations=14 (full 0):
 garbage-first heap   total 77824K, used 57950K [0x0000000089400000, 0x0000000100000000)
  region size 1024K, 26 young (26624K), 2 survivors (2048K)
 Metaspace       used 51933K, committed 52160K, reserved 1114112K
  class space    used 6266K, committed 6336K, reserved 1048576K
}
Event: 3.991 GC heap after
{Heap after GC invocations=15 (full 0):
 garbage-first heap   total 77824K, used 36812K [0x0000000089400000, 0x0000000100000000)
  region size 1024K, 4 young (4096K), 4 survivors (4096K)
 Metaspace       used 51933K, committed 52160K, reserved 1114112K
  class space    used 6266K, committed 6336K, reserved 1048576K
}
Event: 4.632 GC heap before
{Heap before GC invocations=15 (full 0):
 garbage-first heap   total 77824K, used 58316K [0x0000000089400000, 0x0000000100000000)
  region size 1024K, 26 young (26624K), 4 survivors (4096K)
 Metaspace       used 53749K, committed 53952K, reserved 1114112K
  class space    used 6390K, committed 6464K, reserved 1048576K
}
Event: 4.645 GC heap after
{Heap after GC invocations=16 (full 0):
 garbage-first heap   total 77824K, used 41428K [0x0000000089400000, 0x0000000100000000)
  region size 1024K, 4 young (4096K), 4 survivors (4096K)
 Metaspace       used 53749K, committed 53952K, reserved 1114112K
  class space    used 6390K, committed 6464K, reserved 1048576K
}
Event: 5.125 GC heap before
{Heap before GC invocations=16 (full 0):
 garbage-first heap   total 77824K, used 59860K [0x0000000089400000, 0x0000000100000000)
  region size 1024K, 22 young (22528K), 4 survivors (4096K)
 Metaspace       used 54379K, committed 54656K, reserved 1114112K
  class space    used 6402K, committed 6528K, reserved 1048576K
}
Event: 5.145 GC heap after
{Heap after GC invocations=17 (full 0):
 garbage-first heap   total 100352K, used 45056K [0x0000000089400000, 0x0000000100000000)
  region size 1024K, 3 young (3072K), 3 survivors (3072K)
 Metaspace       used 54379K, committed 54656K, reserved 1114112K
  class space    used 6402K, committed 6528K, reserved 1048576K
}
Event: 6.134 GC heap before
{Heap before GC invocations=18 (full 0):
 garbage-first heap   total 100352K, used 75776K [0x0000000089400000, 0x0000000100000000)
  region size 1024K, 33 young (33792K), 3 survivors (3072K)
 Metaspace       used 56197K, committed 56448K, reserved 1114112K
  class space    used 6609K, committed 6720K, reserved 1048576K
}
Event: 6.147 GC heap after
{Heap after GC invocations=19 (full 0):
 garbage-first heap   total 100352K, used 49871K [0x0000000089400000, 0x0000000100000000)
  region size 1024K, 5 young (5120K), 5 survivors (5120K)
 Metaspace       used 56197K, committed 56448K, reserved 1114112K
  class space    used 6609K, committed 6720K, reserved 1048576K
}
Event: 6.159 GC heap before
{Heap before GC invocations=19 (full 0):
 garbage-first heap   total 100352K, used 50895K [0x0000000089400000, 0x0000000100000000)
  region size 1024K, 6 young (6144K), 5 survivors (5120K)
 Metaspace       used 56205K, committed 56512K, reserved 1114112K
  class space    used 6610K, committed 6720K, reserved 1048576K
}
Event: 6.166 GC heap after
{Heap after GC invocations=20 (full 0):
 garbage-first heap   total 100352K, used 49877K [0x0000000089400000, 0x0000000100000000)
  region size 1024K, 1 young (1024K), 1 survivors (1024K)
 Metaspace       used 56205K, committed 56512K, reserved 1114112K
  class space    used 6610K, committed 6720K, reserved 1048576K
}
Event: 6.832 GC heap before
{Heap before GC invocations=20 (full 0):
 garbage-first heap   total 100352K, used 77525K [0x0000000089400000, 0x0000000100000000)
  region size 1024K, 28 young (28672K), 1 survivors (1024K)
 Metaspace       used 59277K, committed 59456K, reserved 1114112K
  class space    used 6968K, committed 7040K, reserved 1048576K
}
Event: 6.842 GC heap after
{Heap after GC invocations=21 (full 0):
 garbage-first heap   total 100352K, used 52787K [0x0000000089400000, 0x0000000100000000)
  region size 1024K, 4 young (4096K), 4 survivors (4096K)
 Metaspace       used 59277K, committed 59456K, reserved 1114112K
  class space    used 6968K, committed 7040K, reserved 1048576K
}
Event: 7.489 GC heap before
{Heap before GC invocations=22 (full 0):
 garbage-first heap   total 100352K, used 78387K [0x0000000089400000, 0x0000000100000000)
  region size 1024K, 29 young (29696K), 4 survivors (4096K)
 Metaspace       used 60999K, committed 61312K, reserved 1114112K
  class space    used 7098K, committed 7232K, reserved 1048576K
}
Event: 7.502 GC heap after
{Heap after GC invocations=23 (full 0):
 garbage-first heap   total 100352K, used 55789K [0x0000000089400000, 0x0000000100000000)
  region size 1024K, 3 young (3072K), 3 survivors (3072K)
 Metaspace       used 60999K, committed 61312K, reserved 1114112K
  class space    used 7098K, committed 7232K, reserved 1048576K
}
Event: 7.538 GC heap before
{Heap before GC invocations=23 (full 0):
 garbage-first heap   total 100352K, used 56813K [0x0000000089400000, 0x0000000100000000)
  region size 1024K, 4 young (4096K), 3 survivors (3072K)
 Metaspace       used 61054K, committed 61376K, reserved 1114112K
  class space    used 7098K, committed 7232K, reserved 1048576K
}
Event: 7.545 GC heap after
{Heap after GC invocations=24 (full 0):
 garbage-first heap   total 100352K, used 55589K [0x0000000089400000, 0x0000000100000000)
  region size 1024K, 1 young (1024K), 1 survivors (1024K)
 Metaspace       used 61054K, committed 61376K, reserved 1114112K
  class space    used 7098K, committed 7232K, reserved 1048576K
}
Event: 8.095 GC heap before
{Heap before GC invocations=24 (full 0):
 garbage-first heap   total 100352K, used 79141K [0x0000000089400000, 0x0000000100000000)
  region size 1024K, 24 young (24576K), 1 survivors (1024K)
 Metaspace       used 61820K, committed 62080K, reserved 1114112K
  class space    used 7125K, committed 7232K, reserved 1048576K
}

