# JRE version: OpenJDK Runtime Environment (17.0.9) (build 17.0.9+0--11185874)
# Java VM: OpenJDK 64-Bit Server VM (17.0.9+0--11185874, mixed mode, tiered, compressed oops, compressed class ptrs, g1 gc, windows-amd64)
GC Precious Log:
 CPUs: 8 total, 8 available
 Memory: 7599M
 Large Page Support: Disabled
 NUMA Support: Disabled
 Compressed Oops: Enabled (32-bit)
 Heap Region Size: 1M
 Heap Min Capacity: 8M
 Heap Initial Capacity: 120M
 Heap Max Capacity: 1900M
 Pre-touch: Disabled
 Parallel Workers: 8
 Concurrent Workers: 2
 Concurrent Refinement Workers: 8
 Periodic GC: Disabled
Heap:
 garbage-first heap   total 122880K, used 66383K [0x0000000089400000, 0x0000000100000000)
  region size 1024K, 4 young (4096K), 4 survivors (4096K)
 Metaspace       used 63814K, committed 64128K, reserved 1114112K
  class space    used 7211K, committed 7360K, reserved 1048576K
GC Heap History (20 events):
Event: 7.466 GC heap after
{Heap after GC invocations=17 (full 0):
 garbage-first heap   total 94208K, used 40051K [0x0000000089400000, 0x0000000100000000)
  region size 1024K, 4 young (4096K), 4 survivors (4096K)
 Metaspace       used 54139K, committed 54336K, reserved 1114112K
  class space    used 6391K, committed 6464K, reserved 1048576K
}
Event: 8.202 GC heap before
{Heap before GC invocations=17 (full 0):
 garbage-first heap   total 94208K, used 70771K [0x0000000089400000, 0x0000000100000000)
  region size 1024K, 34 young (34816K), 4 survivors (4096K)
 Metaspace       used 55773K, committed 56064K, reserved 1114112K
  class space    used 6544K, committed 6656K, reserved 1048576K
}
Event: 8.217 GC heap after
{Heap after GC invocations=18 (full 0):
 garbage-first heap   total 94208K, used 45197K [0x0000000089400000, 0x0000000100000000)
  region size 1024K, 5 young (5120K), 5 survivors (5120K)
 Metaspace       used 55773K, committed 56064K, reserved 1114112K
  class space    used 6544K, committed 6656K, reserved 1048576K
}
Event: 8.860 GC heap before
{Heap before GC invocations=18 (full 0):
 garbage-first heap   total 94208K, used 71821K [0x0000000089400000, 0x0000000100000000)
  region size 1024K, 31 young (31744K), 5 survivors (5120K)
 Metaspace       used 57371K, committed 57600K, reserved 1114112K
  class space    used 6696K, committed 6784K, reserved 1048576K
}
Event: 8.878 GC heap after
{Heap after GC invocations=19 (full 0):
 garbage-first heap   total 94208K, used 49152K [0x0000000089400000, 0x0000000100000000)
  region size 1024K, 4 young (4096K), 4 survivors (4096K)
 Metaspace       used 57371K, committed 57600K, reserved 1114112K
  class space    used 6696K, committed 6784K, reserved 1048576K
}
Event: 9.505 GC heap before
{Heap before GC invocations=19 (full 0):
 garbage-first heap   total 94208K, used 73728K [0x0000000089400000, 0x0000000100000000)
  region size 1024K, 28 young (28672K), 4 survivors (4096K)
 Metaspace       used 59772K, committed 59968K, reserved 1114112K
  class space    used 7002K, committed 7104K, reserved 1048576K
}
Event: 9.518 GC heap after
{Heap after GC invocations=20 (full 0):
 garbage-first heap   total 94208K, used 52617K [0x0000000089400000, 0x0000000100000000)
  region size 1024K, 4 young (4096K), 4 survivors (4096K)
 Metaspace       used 59772K, committed 59968K, reserved 1114112K
  class space    used 7002K, committed 7104K, reserved 1048576K
}
Event: 10.240 GC heap before
{Heap before GC invocations=21 (full 0):
 garbage-first heap   total 94208K, used 74121K [0x0000000089400000, 0x0000000100000000)
  region size 1024K, 25 young (25600K), 4 survivors (4096K)
 Metaspace       used 61324K, committed 61568K, reserved 1114112K
  class space    used 7099K, committed 7232K, reserved 1048576K
}
Event: 10.253 GC heap after
{Heap after GC invocations=22 (full 0):
 garbage-first heap   total 94208K, used 55292K [0x0000000089400000, 0x0000000100000000)
  region size 1024K, 3 young (3072K), 3 survivors (3072K)
 Metaspace       used 61324K, committed 61568K, reserved 1114112K
  class space    used 7099K, committed 7232K, reserved 1048576K
}
Event: 10.267 GC heap before
{Heap before GC invocations=22 (full 0):
 garbage-first heap   total 94208K, used 56316K [0x0000000089400000, 0x0000000100000000)
  region size 1024K, 4 young (4096K), 3 survivors (3072K)
 Metaspace       used 61356K, committed 61632K, reserved 1114112K
  class space    used 7101K, committed 7232K, reserved 1048576K
}
Event: 10.279 GC heap after
{Heap after GC invocations=23 (full 0):
 garbage-first heap   total 113664K, used 54729K [0x0000000089400000, 0x0000000100000000)
  region size 1024K, 1 young (1024K), 1 survivors (1024K)
 Metaspace       used 61356K, committed 61632K, reserved 1114112K
  class space    used 7101K, committed 7232K, reserved 1048576K
}
Event: 11.076 GC heap before
{Heap before GC invocations=23 (full 0):
 garbage-first heap   total 113664K, used 87497K [0x0000000089400000, 0x0000000100000000)
  region size 1024K, 33 young (33792K), 1 survivors (1024K)
 Metaspace       used 62264K, committed 62592K, reserved 1114112K
  class space    used 7145K, committed 7296K, reserved 1048576K
}
Event: 11.086 GC heap after
{Heap after GC invocations=24 (full 0):
 garbage-first heap   total 113664K, used 57826K [0x0000000089400000, 0x0000000100000000)
  region size 1024K, 4 young (4096K), 4 survivors (4096K)
 Metaspace       used 62264K, committed 62592K, reserved 1114112K
  class space    used 7145K, committed 7296K, reserved 1048576K
}
Event: 11.963 GC heap before
{Heap before GC invocations=25 (full 0):
 garbage-first heap   total 113664K, used 89570K [0x0000000089400000, 0x0000000100000000)
  region size 1024K, 35 young (35840K), 4 survivors (4096K)
 Metaspace       used 62966K, committed 63296K, reserved 1114112K
  class space    used 7169K, committed 7360K, reserved 1048576K
}
Event: 11.984 GC heap after
{Heap after GC invocations=26 (full 0):
 garbage-first heap   total 113664K, used 61096K [0x0000000089400000, 0x0000000100000000)
  region size 1024K, 4 young (4096K), 4 survivors (4096K)
 Metaspace       used 62966K, committed 63296K, reserved 1114112K
  class space    used 7169K, committed 7360K, reserved 1048576K
}
Event: 12.010 GC heap before
{Heap before GC invocations=26 (full 0):
 garbage-first heap   total 113664K, used 62120K [0x0000000089400000, 0x0000000100000000)
  region size 1024K, 5 young (5120K), 4 survivors (4096K)
 Metaspace       used 62980K, committed 63296K, reserved 1114112K
  class space    used 7169K, committed 7360K, reserved 1048576K
}
Event: 12.019 GC heap after
{Heap after GC invocations=27 (full 0):
 garbage-first heap   total 113664K, used 61020K [0x0000000089400000, 0x0000000100000000)
  region size 1024K, 1 young (1024K), 1 survivors (1024K)
 Metaspace       used 62980K, committed 63296K, reserved 1114112K
  class space    used 7169K, committed 7360K, reserved 1048576K
}
Event: 12.845 GC heap before
{Heap before GC invocations=27 (full 0):
 garbage-first heap   total 113664K, used 92764K [0x0000000089400000, 0x0000000100000000)
  region size 1024K, 30 young (30720K), 1 survivors (1024K)
 Metaspace       used 63379K, committed 63744K, reserved 1114112K
  class space    used 7173K, committed 7360K, reserved 1048576K
}
Event: 12.856 GC heap after
{Heap after GC invocations=28 (full 0):
 garbage-first heap   total 113664K, used 64512K [0x0000000089400000, 0x0000000100000000)
  region size 1024K, 2 young (2048K), 2 survivors (2048K)
 Metaspace       used 63379K, committed 63744K, reserved 1114112K
  class space    used 7173K, committed 7360K, reserved 1048576K
}
Event: 13.572 GC heap before
{Heap before GC invocations=28 (full 0):
 garbage-first heap   total 113664K, used 92160K [0x0000000089400000, 0x0000000100000000)
  region size 1024K, 29 young (29696K), 2 survivors (2048K)
 Metaspace       used 63814K, committed 64128K, reserved 1114112K
  class space    used 7211K, committed 7360K, reserved 1048576K
}

