# JRE version: OpenJDK Runtime Environment (17.0.9) (build 17.0.9+0--11185874)
# Java VM: OpenJDK 64-Bit Server VM (17.0.9+0--11185874, mixed mode, tiered, compressed oops, compressed class ptrs, g1 gc, windows-amd64)
GC Precious Log:
 CPUs: 8 total, 8 available
 Memory: 7599M
 Large Page Support: Disabled
 NUMA Support: Disabled
 Compressed Oops: Enabled (32-bit)
 Heap Region Size: 1M
 Heap Min Capacity: 8M
 Heap Initial Capacity: 120M
 Heap Max Capacity: 1900M
 Pre-touch: Disabled
 Parallel Workers: 8
 Concurrent Workers: 2
 Concurrent Refinement Workers: 8
 Periodic GC: Disabled
Heap:
 garbage-first heap   total 122880K, used 61172K [0x0000000089400000, 0x0000000100000000)
  region size 1024K, 4 young (4096K), 4 survivors (4096K)
 Metaspace       used 62673K, committed 63040K, reserved 1114112K
  class space    used 7170K, committed 7360K, reserved 1048576K
GC Heap History (20 events):
Event: 3.190 GC heap after
{Heap after GC invocations=12 (full 0):
 garbage-first heap   total 72704K, used 31739K [0x0000000089400000, 0x0000000100000000)
  region size 1024K, 3 young (3072K), 3 survivors (3072K)
 Metaspace       used 48459K, committed 48704K, reserved 1114112K
  class space    used 5896K, committed 6016K, reserved 1048576K
}
Event: 3.356 GC heap before
{Heap before GC invocations=12 (full 0):
 garbage-first heap   total 72704K, used 54267K [0x0000000089400000, 0x0000000100000000)
  region size 1024K, 25 young (25600K), 3 survivors (3072K)
 Metaspace       used 50119K, committed 50304K, reserved 1114112K
  class space    used 6078K, committed 6144K, reserved 1048576K
}
Event: 3.364 GC heap after
{Heap after GC invocations=13 (full 0):
 garbage-first heap   total 72704K, used 33939K [0x0000000089400000, 0x0000000100000000)
  region size 1024K, 2 young (2048K), 2 survivors (2048K)
 Metaspace       used 50119K, committed 50304K, reserved 1114112K
  class space    used 6078K, committed 6144K, reserved 1048576K
}
Event: 3.493 GC heap before
{Heap before GC invocations=13 (full 0):
 garbage-first heap   total 72704K, used 54419K [0x0000000089400000, 0x0000000100000000)
  region size 1024K, 22 young (22528K), 2 survivors (2048K)
 Metaspace       used 51135K, committed 51328K, reserved 1114112K
  class space    used 6197K, committed 6272K, reserved 1048576K
}
Event: 3.498 GC heap after
{Heap after GC invocations=14 (full 0):
 garbage-first heap   total 72704K, used 35156K [0x0000000089400000, 0x0000000100000000)
  region size 1024K, 2 young (2048K), 2 survivors (2048K)
 Metaspace       used 51135K, committed 51328K, reserved 1114112K
  class space    used 6197K, committed 6272K, reserved 1048576K
}
Event: 3.806 GC heap before
{Heap before GC invocations=15 (full 0):
 garbage-first heap   total 72704K, used 55636K [0x0000000089400000, 0x0000000100000000)
  region size 1024K, 22 young (22528K), 2 survivors (2048K)
 Metaspace       used 52468K, committed 52736K, reserved 1114112K
  class space    used 6321K, committed 6400K, reserved 1048576K
}
Event: 3.814 GC heap after
{Heap after GC invocations=16 (full 0):
 garbage-first heap   total 72704K, used 38228K [0x0000000089400000, 0x0000000100000000)
  region size 1024K, 3 young (3072K), 3 survivors (3072K)
 Metaspace       used 52468K, committed 52736K, reserved 1114112K
  class space    used 6321K, committed 6400K, reserved 1048576K
}
Event: 3.858 GC heap before
{Heap before GC invocations=16 (full 0):
 garbage-first heap   total 72704K, used 39252K [0x0000000089400000, 0x0000000100000000)
  region size 1024K, 4 young (4096K), 3 survivors (3072K)
 Metaspace       used 52523K, committed 52736K, reserved 1114112K
  class space    used 6321K, committed 6400K, reserved 1048576K
}
Event: 3.864 GC heap after
{Heap after GC invocations=17 (full 0):
 garbage-first heap   total 72704K, used 37053K [0x0000000089400000, 0x0000000100000000)
  region size 1024K, 1 young (1024K), 1 survivors (1024K)
 Metaspace       used 52523K, committed 52736K, reserved 1114112K
  class space    used 6321K, committed 6400K, reserved 1048576K
}
Event: 4.291 GC heap before
{Heap before GC invocations=17 (full 0):
 garbage-first heap   total 72704K, used 55485K [0x0000000089400000, 0x0000000100000000)
  region size 1024K, 19 young (19456K), 1 survivors (1024K)
 Metaspace       used 53785K, committed 54016K, reserved 1114112K
  class space    used 6393K, committed 6464K, reserved 1048576K
}
Event: 4.300 GC heap after
{Heap after GC invocations=18 (full 0):
 garbage-first heap   total 117760K, used 40960K [0x0000000089400000, 0x0000000100000000)
  region size 1024K, 3 young (3072K), 3 survivors (3072K)
 Metaspace       used 53785K, committed 54016K, reserved 1114112K
  class space    used 6393K, committed 6464K, reserved 1048576K
}
Event: 5.105 GC heap before
{Heap before GC invocations=19 (full 0):
 garbage-first heap   total 117760K, used 87040K [0x0000000089400000, 0x0000000100000000)
  region size 1024K, 48 young (49152K), 3 survivors (3072K)
 Metaspace       used 56076K, committed 56384K, reserved 1114112K
  class space    used 6610K, committed 6720K, reserved 1048576K
}
Event: 5.132 GC heap after
{Heap after GC invocations=20 (full 0):
 garbage-first heap   total 117760K, used 48257K [0x0000000089400000, 0x0000000100000000)
  region size 1024K, 6 young (6144K), 6 survivors (6144K)
 Metaspace       used 56076K, committed 56384K, reserved 1114112K
  class space    used 6610K, committed 6720K, reserved 1048576K
}
Event: 5.181 GC heap before
{Heap before GC invocations=20 (full 0):
 garbage-first heap   total 117760K, used 49281K [0x0000000089400000, 0x0000000100000000)
  region size 1024K, 7 young (7168K), 6 survivors (6144K)
 Metaspace       used 56227K, committed 56512K, reserved 1114112K
  class space    used 6624K, committed 6720K, reserved 1048576K
}
Event: 5.201 GC heap after
{Heap after GC invocations=21 (full 0):
 garbage-first heap   total 117760K, used 48783K [0x0000000089400000, 0x0000000100000000)
  region size 1024K, 1 young (1024K), 1 survivors (1024K)
 Metaspace       used 56227K, committed 56512K, reserved 1114112K
  class space    used 6624K, committed 6720K, reserved 1048576K
}
Event: 5.985 GC heap before
{Heap before GC invocations=21 (full 0):
 garbage-first heap   total 117760K, used 86671K [0x0000000089400000, 0x0000000100000000)
  region size 1024K, 38 young (38912K), 1 survivors (1024K)
 Metaspace       used 59441K, committed 59648K, reserved 1114112K
  class space    used 7001K, committed 7104K, reserved 1048576K
}
Event: 5.995 GC heap after
{Heap after GC invocations=22 (full 0):
 garbage-first heap   total 117760K, used 53248K [0x0000000089400000, 0x0000000100000000)
  region size 1024K, 5 young (5120K), 5 survivors (5120K)
 Metaspace       used 59441K, committed 59648K, reserved 1114112K
  class space    used 7001K, committed 7104K, reserved 1048576K
}
Event: 7.146 GC heap before
{Heap before GC invocations=22 (full 0):
 garbage-first heap   total 117760K, used 89088K [0x0000000089400000, 0x0000000100000000)
  region size 1024K, 40 young (40960K), 5 survivors (5120K)
 Metaspace       used 61649K, committed 61888K, reserved 1114112K
  class space    used 7116K, committed 7232K, reserved 1048576K
}
Event: 7.160 GC heap after
{Heap after GC invocations=23 (full 0):
 garbage-first heap   total 117760K, used 57067K [0x0000000089400000, 0x0000000100000000)
  region size 1024K, 4 young (4096K), 4 survivors (4096K)
 Metaspace       used 61649K, committed 61888K, reserved 1114112K
  class space    used 7116K, committed 7232K, reserved 1048576K
}
Event: 8.068 GC heap before
{Heap before GC invocations=23 (full 0):
 garbage-first heap   total 117760K, used 91883K [0x0000000089400000, 0x0000000100000000)
  region size 1024K, 38 young (38912K), 4 survivors (4096K)
 Metaspace       used 62673K, committed 63040K, reserved 1114112K
  class space    used 7170K, committed 7360K, reserved 1048576K
}

