# JRE version: OpenJDK Runtime Environment (17.0.9) (build 17.0.9+0--11185874)
# Java VM: OpenJDK 64-Bit Server VM (17.0.9+0--11185874, mixed mode, tiered, compressed oops, compressed class ptrs, g1 gc, windows-amd64)
GC Precious Log:
 CPUs: 8 total, 8 available
 Memory: 7599M
 Large Page Support: Disabled
 NUMA Support: Disabled
 Compressed Oops: Enabled (32-bit)
 Heap Region Size: 1M
 Heap Min Capacity: 8M
 Heap Initial Capacity: 120M
 Heap Max Capacity: 1900M
 Pre-touch: Disabled
 Parallel Workers: 8
 Concurrent Workers: 2
 Concurrent Refinement Workers: 8
 Periodic GC: Disabled
Heap:
 garbage-first heap   total 122880K, used 50668K [0x0000000089400000, 0x0000000100000000)
  region size 1024K, 4 young (4096K), 4 survivors (4096K)
 Metaspace       used 57611K, committed 57856K, reserved 1114112K
  class space    used 6738K, committed 6848K, reserved 1048576K
GC Heap History (20 events):
Event: 3.416 GC heap after
{Heap after GC invocations=8 (full 0):
 garbage-first heap   total 58368K, used 20410K [0x0000000089400000, 0x0000000100000000)
  region size 1024K, 2 young (2048K), 2 survivors (2048K)
 Metaspace       used 34445K, committed 34688K, reserved 1114112K
  class space    used 4391K, committed 4480K, reserved 1048576K
}
Event: 3.941 GC heap before
{Heap before GC invocations=9 (full 0):
 garbage-first heap   total 58368K, used 40890K [0x0000000089400000, 0x0000000100000000)
  region size 1024K, 23 young (23552K), 2 survivors (2048K)
 Metaspace       used 38263K, committed 38528K, reserved 1114112K
  class space    used 4795K, committed 4928K, reserved 1048576K
}
Event: 3.947 GC heap after
{Heap after GC invocations=10 (full 0):
 garbage-first heap   total 58368K, used 22295K [0x0000000089400000, 0x0000000100000000)
  region size 1024K, 3 young (3072K), 3 survivors (3072K)
 Metaspace       used 38263K, committed 38528K, reserved 1114112K
  class space    used 4795K, committed 4928K, reserved 1048576K
}
Event: 3.961 GC heap before
{Heap before GC invocations=10 (full 0):
 garbage-first heap   total 58368K, used 22295K [0x0000000089400000, 0x0000000100000000)
  region size 1024K, 4 young (4096K), 3 survivors (3072K)
 Metaspace       used 38445K, committed 38720K, reserved 1114112K
  class space    used 4802K, committed 4928K, reserved 1048576K
}
Event: 3.965 GC heap after
{Heap after GC invocations=11 (full 0):
 garbage-first heap   total 58368K, used 21722K [0x0000000089400000, 0x0000000100000000)
  region size 1024K, 1 young (1024K), 1 survivors (1024K)
 Metaspace       used 38445K, committed 38720K, reserved 1114112K
  class space    used 4802K, committed 4928K, reserved 1048576K
}
Event: 4.555 GC heap before
{Heap before GC invocations=11 (full 0):
 garbage-first heap   total 58368K, used 42202K [0x0000000089400000, 0x0000000100000000)
  region size 1024K, 21 young (21504K), 1 survivors (1024K)
 Metaspace       used 43274K, committed 43456K, reserved 1114112K
  class space    used 5278K, committed 5376K, reserved 1048576K
}
Event: 4.560 GC heap after
{Heap after GC invocations=12 (full 0):
 garbage-first heap   total 58368K, used 22937K [0x0000000089400000, 0x0000000100000000)
  region size 1024K, 2 young (2048K), 2 survivors (2048K)
 Metaspace       used 43274K, committed 43456K, reserved 1114112K
  class space    used 5278K, committed 5376K, reserved 1048576K
}
Event: 5.089 GC heap before
{Heap before GC invocations=12 (full 0):
 garbage-first heap   total 58368K, used 45465K [0x0000000089400000, 0x0000000100000000)
  region size 1024K, 22 young (22528K), 2 survivors (2048K)
 Metaspace       used 47256K, committed 47488K, reserved 1114112K
  class space    used 5748K, committed 5824K, reserved 1048576K
}
Event: 5.101 GC heap after
{Heap after GC invocations=13 (full 0):
 garbage-first heap   total 58368K, used 28071K [0x0000000089400000, 0x0000000100000000)
  region size 1024K, 3 young (3072K), 3 survivors (3072K)
 Metaspace       used 47256K, committed 47488K, reserved 1114112K
  class space    used 5748K, committed 5824K, reserved 1048576K
}
Event: 5.519 GC heap before
{Heap before GC invocations=13 (full 0):
 garbage-first heap   total 58368K, used 43431K [0x0000000089400000, 0x0000000100000000)
  region size 1024K, 19 young (19456K), 3 survivors (3072K)
 Metaspace       used 50056K, committed 50240K, reserved 1114112K
  class space    used 6078K, committed 6144K, reserved 1048576K
}
Event: 5.528 GC heap after
{Heap after GC invocations=14 (full 0):
 garbage-first heap   total 58368K, used 31176K [0x0000000089400000, 0x0000000100000000)
  region size 1024K, 3 young (3072K), 3 survivors (3072K)
 Metaspace       used 50056K, committed 50240K, reserved 1114112K
  class space    used 6078K, committed 6144K, reserved 1048576K
}
Event: 5.531 GC heap before
{Heap before GC invocations=14 (full 0):
 garbage-first heap   total 58368K, used 31176K [0x0000000089400000, 0x0000000100000000)
  region size 1024K, 4 young (4096K), 3 survivors (3072K)
 Metaspace       used 50065K, committed 50240K, reserved 1114112K
  class space    used 6078K, committed 6144K, reserved 1048576K
}
Event: 5.536 GC heap after
{Heap after GC invocations=15 (full 0):
 garbage-first heap   total 101376K, used 31462K [0x0000000089400000, 0x0000000100000000)
  region size 1024K, 1 young (1024K), 1 survivors (1024K)
 Metaspace       used 50065K, committed 50240K, reserved 1114112K
  class space    used 6078K, committed 6144K, reserved 1048576K
}
Event: 5.941 GC heap before
{Heap before GC invocations=15 (full 0):
 garbage-first heap   total 101376K, used 74470K [0x0000000089400000, 0x0000000100000000)
  region size 1024K, 42 young (43008K), 1 survivors (1024K)
 Metaspace       used 51858K, committed 52096K, reserved 1114112K
  class space    used 6266K, committed 6400K, reserved 1048576K
}
Event: 5.949 GC heap after
{Heap after GC invocations=16 (full 0):
 garbage-first heap   total 101376K, used 34026K [0x0000000089400000, 0x0000000100000000)
  region size 1024K, 3 young (3072K), 3 survivors (3072K)
 Metaspace       used 51858K, committed 52096K, reserved 1114112K
  class space    used 6266K, committed 6400K, reserved 1048576K
}
Event: 7.019 GC heap before
{Heap before GC invocations=16 (full 0):
 garbage-first heap   total 101376K, used 76010K [0x0000000089400000, 0x0000000100000000)
  region size 1024K, 44 young (45056K), 3 survivors (3072K)
 Metaspace       used 54279K, committed 54528K, reserved 1114112K
  class space    used 6403K, committed 6528K, reserved 1048576K
}
Event: 7.037 GC heap after
{Heap after GC invocations=17 (full 0):
 garbage-first heap   total 101376K, used 41210K [0x0000000089400000, 0x0000000100000000)
  region size 1024K, 6 young (6144K), 6 survivors (6144K)
 Metaspace       used 54279K, committed 54528K, reserved 1114112K
  class space    used 6403K, committed 6528K, reserved 1048576K
}
Event: 7.764 GC heap before
{Heap before GC invocations=17 (full 0):
 garbage-first heap   total 101376K, used 76026K [0x0000000089400000, 0x0000000100000000)
  region size 1024K, 40 young (40960K), 6 survivors (6144K)
 Metaspace       used 56109K, committed 56320K, reserved 1114112K
  class space    used 6595K, committed 6656K, reserved 1048576K
}
Event: 7.783 GC heap after
{Heap after GC invocations=18 (full 0):
 garbage-first heap   total 101376K, used 46643K [0x0000000089400000, 0x0000000100000000)
  region size 1024K, 5 young (5120K), 5 survivors (5120K)
 Metaspace       used 56109K, committed 56320K, reserved 1114112K
  class space    used 6595K, committed 6656K, reserved 1048576K
}
Event: 8.280 GC heap before
{Heap before GC invocations=18 (full 0):
 garbage-first heap   total 101376K, used 65075K [0x0000000089400000, 0x0000000100000000)
  region size 1024K, 24 young (24576K), 5 survivors (5120K)
 Metaspace       used 57611K, committed 57856K, reserved 1114112K
  class space    used 6738K, committed 6848K, reserved 1048576K
}

